Starting Monte Carlo Sampling...

Current time: Mon Feb 17 13:44:39 2025 

Variation: Mismatch
Sampling Method: Low-Discrepancy Sequence
Seed: 12345

MonteCarlo.0
Number of points completed: 200
Number of simulation errors: 0
MonteCarlo.0 completed. 
Current time: Mon Feb 17 13:45:12 2025 
Monte Carlo Sampling yield summary:
Number of spec values are in this yield data: 22
215E_check_moschara_1	nom - 
	Vth_delta:	Yield	100%
		Min -0.026043	Max 0.0307528	Mean 0.00291589	Number of errors 0
215E_check_moschara_1	nom - 
	cdb_DUT:	Yield	100%
		Min 2.77151e-19	Max 3.26441e-19	Mean 2.99605e-19	Number of errors 0
215E_check_moschara_1	nom - 
	cdd_DUT:	Yield	100%
		Min 8.21742e-17	Max 8.43262e-17	Mean 8.33938e-17	Number of errors 0
215E_check_moschara_1	nom - 
	cds_DUT:	Yield	100%
		Min 7.28092e-19	Max 1.11245e-18	Mean 9.01045e-19	Number of errors 0
215E_check_moschara_1	nom - 
	cgb_DUT:	Yield	100%
		Min 4.188e-18	Max 4.91433e-18	Mean 4.63144e-18	Number of errors 0
215E_check_moschara_1	nom - 
	cgd_DUT:	Yield	100%
		Min 7.63024e-17	Max 7.85075e-17	Mean 7.75758e-17	Number of errors 0
215E_check_moschara_1	nom - 
	cgg_DUT:	Yield	100%
		Min 4.07976e-16	Max 4.19798e-16	Mean 4.14784e-16	Number of errors 0
215E_check_moschara_1	nom - 
	cgs_DUT:	Yield	100%
		Min 3.35862e-16	Max 3.46192e-16	Mean 3.4184e-16	Number of errors 0
215E_check_moschara_1	nom - 
	fT_CALC_DUT:	Yield	100%
		Min 1.85894e+11	Max 1.9066e+11	Mean 1.88093e+11	Number of errors 0
215E_check_moschara_1	nom - 
	gds_DUT:	Yield	100%
		Min 0.00012233	Max 0.000141587	Mean 0.000132646	Number of errors 0
215E_check_moschara_1	nom - 
	gm_DUT:	Yield	100%
		Min 0.000481268	Max 0.000502642	Mean 0.000489956	Number of errors 0
215E_check_moschara_1	nom - 
	gmoverid_DUT:	Yield	100%
		Min 2.22197	Max 2.57179	Mean 2.39716	Number of errors 0
215E_check_moschara_1	nom - 
	id_DUT:	Yield	100%
		Min 0.000189561	Max 0.000217478	Mean 0.000204523	Number of errors 0
215E_check_moschara_1	nom - 
	ids_DUT:	Yield	100%
		Min 0.000189561	Max 0.000217478	Mean 0.000204523	Number of errors 0
215E_check_moschara_1	nom - 
	region_DUT:	Yield	100%
		Min 2	Max 2	Mean 2	Number of errors 0
215E_check_moschara_1	nom - 
	ron_DUT:	Yield	100%
		Min 2299.08	Max 2637.68	Mean 2446.22	Number of errors 0
215E_check_moschara_1	nom - 
	rout_DUT:	Yield	100%
		Min 7062.78	Max 8174.61	Mean 7543.83	Number of errors 0
215E_check_moschara_1	nom - 
	self_gain_DUT:	Yield	100%
		Min 3.41761	Max 3.96575	Mean 3.69625	Number of errors 0
215E_check_moschara_1	nom - 
	vds_DUT:	Yield	100%
		Min 0.5	Max 0.5	Mean 0.5	Number of errors 0
215E_check_moschara_1	nom - 
	vdsat_DUT:	Yield	100%
		Min 0.31708	Max 0.343364	Mean 0.329503	Number of errors 0
215E_check_moschara_1	nom - 
	vgs_DUT:	Yield	100%
		Min 0.978318	Max 1.02158	Mean 0.996239	Number of errors 0
215E_check_moschara_1	nom - 
	vth_DUT:	Yield	100%
		Min 0.494486	Max 0.531115	Mean 0.510196	Number of errors 0

215E_check_moschara_1
	Overall Yield	100%	Number of points passed	200	Total number of points	200

Estimated yield = 100% (200/200), 0 errors
Estimated yield (No opregions) = 100% (200/200)
Monte Carlo Sampling yield summary:
Number of spec values are in this yield data: 22
215E_check_moschara_1	nom - 
	Vth_delta:	Yield	100%
		Min -0.026043	Max 0.0307528	Mean 0.00291589	Number of errors 0
215E_check_moschara_1	nom - 
	cdb_DUT:	Yield	100%
		Min 2.77151e-19	Max 3.26441e-19	Mean 2.99605e-19	Number of errors 0
215E_check_moschara_1	nom - 
	cdd_DUT:	Yield	100%
		Min 8.21742e-17	Max 8.43262e-17	Mean 8.33938e-17	Number of errors 0
215E_check_moschara_1	nom - 
	cds_DUT:	Yield	100%
		Min 7.28092e-19	Max 1.11245e-18	Mean 9.01045e-19	Number of errors 0
215E_check_moschara_1	nom - 
	cgb_DUT:	Yield	100%
		Min 4.188e-18	Max 4.91433e-18	Mean 4.63144e-18	Number of errors 0
215E_check_moschara_1	nom - 
	cgd_DUT:	Yield	100%
		Min 7.63024e-17	Max 7.85075e-17	Mean 7.75758e-17	Number of errors 0
215E_check_moschara_1	nom - 
	cgg_DUT:	Yield	100%
		Min 4.07976e-16	Max 4.19798e-16	Mean 4.14784e-16	Number of errors 0
215E_check_moschara_1	nom - 
	cgs_DUT:	Yield	100%
		Min 3.35862e-16	Max 3.46192e-16	Mean 3.4184e-16	Number of errors 0
215E_check_moschara_1	nom - 
	fT_CALC_DUT:	Yield	100%
		Min 1.85894e+11	Max 1.9066e+11	Mean 1.88093e+11	Number of errors 0
215E_check_moschara_1	nom - 
	gds_DUT:	Yield	100%
		Min 0.00012233	Max 0.000141587	Mean 0.000132646	Number of errors 0
215E_check_moschara_1	nom - 
	gm_DUT:	Yield	100%
		Min 0.000481268	Max 0.000502642	Mean 0.000489956	Number of errors 0
215E_check_moschara_1	nom - 
	gmoverid_DUT:	Yield	100%
		Min 2.22197	Max 2.57179	Mean 2.39716	Number of errors 0
215E_check_moschara_1	nom - 
	id_DUT:	Yield	100%
		Min 0.000189561	Max 0.000217478	Mean 0.000204523	Number of errors 0
215E_check_moschara_1	nom - 
	ids_DUT:	Yield	100%
		Min 0.000189561	Max 0.000217478	Mean 0.000204523	Number of errors 0
215E_check_moschara_1	nom - 
	region_DUT:	Yield	100%
		Min 2	Max 2	Mean 2	Number of errors 0
215E_check_moschara_1	nom - 
	ron_DUT:	Yield	100%
		Min 2299.08	Max 2637.68	Mean 2446.22	Number of errors 0
215E_check_moschara_1	nom - 
	rout_DUT:	Yield	100%
		Min 7062.78	Max 8174.61	Mean 7543.83	Number of errors 0
215E_check_moschara_1	nom - 
	self_gain_DUT:	Yield	100%
		Min 3.41761	Max 3.96575	Mean 3.69625	Number of errors 0
215E_check_moschara_1	nom - 
	vds_DUT:	Yield	100%
		Min 0.5	Max 0.5	Mean 0.5	Number of errors 0
215E_check_moschara_1	nom - 
	vdsat_DUT:	Yield	100%
		Min 0.31708	Max 0.343364	Mean 0.329503	Number of errors 0
215E_check_moschara_1	nom - 
	vgs_DUT:	Yield	100%
		Min 0.978318	Max 1.02158	Mean 0.996239	Number of errors 0
215E_check_moschara_1	nom - 
	vth_DUT:	Yield	100%
		Min 0.494486	Max 0.531115	Mean 0.510196	Number of errors 0

215E_check_moschara_1
	Overall Yield	100%	Number of points passed	200	Total number of points	200

Estimated yield = 100% (200/200), 0 errors
Estimated yield (No opregions) = 100% (200/200)
