Starting Monte Carlo Sampling...

Current time: Mon Feb 17 13:42:08 2025 

Variation: Mismatch
Sampling Method: Low-Discrepancy Sequence
Seed: 12345

MonteCarlo.0
Number of points completed: 200
Number of simulation errors: 0
MonteCarlo.0 completed. 
Current time: Mon Feb 17 13:42:41 2025 
Monte Carlo Sampling yield summary:
Number of spec values are in this yield data: 22
215E_check_moschara_1	nom - 
	Vth_delta:	Yield	100%
		Min -0.0267648	Max 0.0298814	Mean 0.00212521	Number of errors 0
215E_check_moschara_1	nom - 
	cdb_DUT:	Yield	100%
		Min 2.2842e-19	Max 2.66051e-19	Mean 2.45678e-19	Number of errors 0
215E_check_moschara_1	nom - 
	cdd_DUT:	Yield	100%
		Min 8.13615e-17	Max 8.35801e-17	Mean 8.26215e-17	Number of errors 0
215E_check_moschara_1	nom - 
	cds_DUT:	Yield	100%
		Min 3.9364e-19	Max 6.76259e-19	Mean 5.22164e-19	Number of errors 0
215E_check_moschara_1	nom - 
	cgb_DUT:	Yield	100%
		Min 2.72922e-18	Max 3.42502e-18	Mean 3.15478e-18	Number of errors 0
215E_check_moschara_1	nom - 
	cgd_DUT:	Yield	100%
		Min 7.68065e-17	Max 7.90613e-17	Mean 7.81042e-17	Number of errors 0
215E_check_moschara_1	nom - 
	cgg_DUT:	Yield	100%
		Min 4.10856e-16	Max 4.22871e-16	Mean 4.1777e-16	Number of errors 0
215E_check_moschara_1	nom - 
	cgs_DUT:	Yield	100%
		Min 3.36779e-16	Max 3.47237e-16	Mean 3.4282e-16	Number of errors 0
215E_check_moschara_1	nom - 
	fT_CALC_DUT:	Yield	100%
		Min 2.35609e+11	Max 2.4099e+11	Mean 2.37896e+11	Number of errors 0
215E_check_moschara_1	nom - 
	gds_DUT:	Yield	100%
		Min 0.00011926	Max 0.000138469	Mean 0.000129691	Number of errors 0
215E_check_moschara_1	nom - 
	gm_DUT:	Yield	100%
		Min 0.000612785	Max 0.00063998	Mean 0.000624146	Number of errors 0
215E_check_moschara_1	nom - 
	gmoverid_DUT:	Yield	100%
		Min 2.7167	Max 3.19726	Mean 2.95432	Number of errors 0
215E_check_moschara_1	nom - 
	id_DUT:	Yield	100%
		Min 0.000193988	Max 0.000226525	Mean 0.000211445	Number of errors 0
215E_check_moschara_1	nom - 
	ids_DUT:	Yield	100%
		Min 0.000193988	Max 0.000226525	Mean 0.000211445	Number of errors 0
215E_check_moschara_1	nom - 
	region_DUT:	Yield	100%
		Min 2	Max 2	Mean 2	Number of errors 0
215E_check_moschara_1	nom - 
	ron_DUT:	Yield	100%
		Min 2207.26	Max 2577.48	Mean 2366.63	Number of errors 0
215E_check_moschara_1	nom - 
	rout_DUT:	Yield	100%
		Min 7221.85	Max 8385.05	Mean 7715.79	Number of errors 0
215E_check_moschara_1	nom - 
	self_gain_DUT:	Yield	100%
		Min 4.4643	Max 5.16631	Mean 4.81584	Number of errors 0
215E_check_moschara_1	nom - 
	vds_DUT:	Yield	100%
		Min 0.5	Max 0.5	Mean 0.5	Number of errors 0
215E_check_moschara_1	nom - 
	vdsat_DUT:	Yield	100%
		Min 0.254646	Max 0.280008	Mean 0.266876	Number of errors 0
215E_check_moschara_1	nom - 
	vgs_DUT:	Yield	100%
		Min 0.899112	Max 0.939623	Mean 0.916045	Number of errors 0
215E_check_moschara_1	nom - 
	vth_DUT:	Yield	100%
		Min 0.496215	Max 0.532703	Mean 0.511871	Number of errors 0

215E_check_moschara_1
	Overall Yield	100%	Number of points passed	200	Total number of points	200

Estimated yield = 100% (200/200), 0 errors
Estimated yield (No opregions) = 100% (200/200)
Monte Carlo Sampling yield summary:
Number of spec values are in this yield data: 22
215E_check_moschara_1	nom - 
	Vth_delta:	Yield	100%
		Min -0.0267648	Max 0.0298814	Mean 0.00212521	Number of errors 0
215E_check_moschara_1	nom - 
	cdb_DUT:	Yield	100%
		Min 2.2842e-19	Max 2.66051e-19	Mean 2.45678e-19	Number of errors 0
215E_check_moschara_1	nom - 
	cdd_DUT:	Yield	100%
		Min 8.13615e-17	Max 8.35801e-17	Mean 8.26215e-17	Number of errors 0
215E_check_moschara_1	nom - 
	cds_DUT:	Yield	100%
		Min 3.9364e-19	Max 6.76259e-19	Mean 5.22164e-19	Number of errors 0
215E_check_moschara_1	nom - 
	cgb_DUT:	Yield	100%
		Min 2.72922e-18	Max 3.42502e-18	Mean 3.15478e-18	Number of errors 0
215E_check_moschara_1	nom - 
	cgd_DUT:	Yield	100%
		Min 7.68065e-17	Max 7.90613e-17	Mean 7.81042e-17	Number of errors 0
215E_check_moschara_1	nom - 
	cgg_DUT:	Yield	100%
		Min 4.10856e-16	Max 4.22871e-16	Mean 4.1777e-16	Number of errors 0
215E_check_moschara_1	nom - 
	cgs_DUT:	Yield	100%
		Min 3.36779e-16	Max 3.47237e-16	Mean 3.4282e-16	Number of errors 0
215E_check_moschara_1	nom - 
	fT_CALC_DUT:	Yield	100%
		Min 2.35609e+11	Max 2.4099e+11	Mean 2.37896e+11	Number of errors 0
215E_check_moschara_1	nom - 
	gds_DUT:	Yield	100%
		Min 0.00011926	Max 0.000138469	Mean 0.000129691	Number of errors 0
215E_check_moschara_1	nom - 
	gm_DUT:	Yield	100%
		Min 0.000612785	Max 0.00063998	Mean 0.000624146	Number of errors 0
215E_check_moschara_1	nom - 
	gmoverid_DUT:	Yield	100%
		Min 2.7167	Max 3.19726	Mean 2.95432	Number of errors 0
215E_check_moschara_1	nom - 
	id_DUT:	Yield	100%
		Min 0.000193988	Max 0.000226525	Mean 0.000211445	Number of errors 0
215E_check_moschara_1	nom - 
	ids_DUT:	Yield	100%
		Min 0.000193988	Max 0.000226525	Mean 0.000211445	Number of errors 0
215E_check_moschara_1	nom - 
	region_DUT:	Yield	100%
		Min 2	Max 2	Mean 2	Number of errors 0
215E_check_moschara_1	nom - 
	ron_DUT:	Yield	100%
		Min 2207.26	Max 2577.48	Mean 2366.63	Number of errors 0
215E_check_moschara_1	nom - 
	rout_DUT:	Yield	100%
		Min 7221.85	Max 8385.05	Mean 7715.79	Number of errors 0
215E_check_moschara_1	nom - 
	self_gain_DUT:	Yield	100%
		Min 4.4643	Max 5.16631	Mean 4.81584	Number of errors 0
215E_check_moschara_1	nom - 
	vds_DUT:	Yield	100%
		Min 0.5	Max 0.5	Mean 0.5	Number of errors 0
215E_check_moschara_1	nom - 
	vdsat_DUT:	Yield	100%
		Min 0.254646	Max 0.280008	Mean 0.266876	Number of errors 0
215E_check_moschara_1	nom - 
	vgs_DUT:	Yield	100%
		Min 0.899112	Max 0.939623	Mean 0.916045	Number of errors 0
215E_check_moschara_1	nom - 
	vth_DUT:	Yield	100%
		Min 0.496215	Max 0.532703	Mean 0.511871	Number of errors 0

215E_check_moschara_1
	Overall Yield	100%	Number of points passed	200	Total number of points	200

Estimated yield = 100% (200/200), 0 errors
Estimated yield (No opregions) = 100% (200/200)
