Starting Monte Carlo Sampling...

Current time: Mon Feb 17 13:40:14 2025 

Variation: Mismatch
Sampling Method: Low-Discrepancy Sequence
Seed: 12345

MonteCarlo.0
Number of points completed: 200
Number of simulation errors: 0
MonteCarlo.0 completed. 
Current time: Mon Feb 17 13:40:46 2025 
Monte Carlo Sampling yield summary:
Number of spec values are in this yield data: 22
215E_check_moschara_1	nom - 
	Vth_delta:	Yield	100%
		Min -0.0121765	Max 0.01559	Mean 0.00199281	Number of errors 0
215E_check_moschara_1	nom - 
	cdb_DUT:	Yield	100%
		Min 1.37075e-18	Max 1.52569e-18	Mean 1.44462e-18	Number of errors 0
215E_check_moschara_1	nom - 
	cdd_DUT:	Yield	100%
		Min 1.69712e-16	Max 1.72041e-16	Mean 1.71065e-16	Number of errors 0
215E_check_moschara_1	nom - 
	cds_DUT:	Yield	100%
		Min 6.97082e-19	Max 1.21925e-18	Mean 9.41488e-19	Number of errors 0
215E_check_moschara_1	nom - 
	cgb_DUT:	Yield	100%
		Min 9.54203e-18	Max 1.076e-17	Mean 1.0194e-17	Number of errors 0
215E_check_moschara_1	nom - 
	cgd_DUT:	Yield	100%
		Min 1.52368e-16	Max 1.54457e-16	Mean 1.53555e-16	Number of errors 0
215E_check_moschara_1	nom - 
	cgg_DUT:	Yield	100%
		Min 1.30155e-15	Max 1.32042e-15	Mean 1.31235e-15	Number of errors 0
215E_check_moschara_1	nom - 
	cgs_DUT:	Yield	100%
		Min 1.15874e-15	Max 1.17673e-15	Mean 1.16899e-15	Number of errors 0
215E_check_moschara_1	nom - 
	fT_CALC_DUT:	Yield	100%
		Min 1.08955e+11	Max 1.11476e+11	Mean 1.10273e+11	Number of errors 0
215E_check_moschara_1	nom - 
	gds_DUT:	Yield	100%
		Min 0.000109282	Max 0.000120851	Mean 0.000115552	Number of errors 0
215E_check_moschara_1	nom - 
	gm_DUT:	Yield	100%
		Min 0.000893386	Max 0.0009213	Mean 0.00090882	Number of errors 0
215E_check_moschara_1	nom - 
	gmoverid_DUT:	Yield	100%
		Min 3.91208	Max 4.2459	Mean 4.08236	Number of errors 0
215E_check_moschara_1	nom - 
	id_DUT:	Yield	100%
		Min 0.000210728	Max 0.000232844	Mean 0.000222682	Number of errors 0
215E_check_moschara_1	nom - 
	ids_DUT:	Yield	100%
		Min 0.000210728	Max 0.000232844	Mean 0.000222682	Number of errors 0
215E_check_moschara_1	nom - 
	region_DUT:	Yield	100%
		Min 2	Max 2	Mean 2	Number of errors 0
215E_check_moschara_1	nom - 
	ron_DUT:	Yield	100%
		Min 2147.36	Max 2372.73	Mean 2246.1	Number of errors 0
215E_check_moschara_1	nom - 
	rout_DUT:	Yield	100%
		Min 8274.66	Max 9150.61	Mean 8656.87	Number of errors 0
215E_check_moschara_1	nom - 
	self_gain_DUT:	Yield	100%
		Min 7.54673	Max 8.17502	Mean 7.86707	Number of errors 0
215E_check_moschara_1	nom - 
	vds_DUT:	Yield	100%
		Min 0.5	Max 0.5	Mean 0.5	Number of errors 0
215E_check_moschara_1	nom - 
	vdsat_DUT:	Yield	100%
		Min 0.27608	Max 0.292253	Mean 0.284007	Number of errors 0
215E_check_moschara_1	nom - 
	vgs_DUT:	Yield	100%
		Min 0.793472	Max 0.812452	Mean 0.80146	Number of errors 0
215E_check_moschara_1	nom - 
	vth_DUT:	Yield	100%
		Min 0.43852	Max 0.456256	Mean 0.446139	Number of errors 0

215E_check_moschara_1
	Overall Yield	100%	Number of points passed	200	Total number of points	200

Estimated yield = 100% (200/200), 0 errors
Estimated yield (No opregions) = 100% (200/200)
Monte Carlo Sampling yield summary:
Number of spec values are in this yield data: 22
215E_check_moschara_1	nom - 
	Vth_delta:	Yield	100%
		Min -0.0121765	Max 0.01559	Mean 0.00199281	Number of errors 0
215E_check_moschara_1	nom - 
	cdb_DUT:	Yield	100%
		Min 1.37075e-18	Max 1.52569e-18	Mean 1.44462e-18	Number of errors 0
215E_check_moschara_1	nom - 
	cdd_DUT:	Yield	100%
		Min 1.69712e-16	Max 1.72041e-16	Mean 1.71065e-16	Number of errors 0
215E_check_moschara_1	nom - 
	cds_DUT:	Yield	100%
		Min 6.97082e-19	Max 1.21925e-18	Mean 9.41488e-19	Number of errors 0
215E_check_moschara_1	nom - 
	cgb_DUT:	Yield	100%
		Min 9.54203e-18	Max 1.076e-17	Mean 1.0194e-17	Number of errors 0
215E_check_moschara_1	nom - 
	cgd_DUT:	Yield	100%
		Min 1.52368e-16	Max 1.54457e-16	Mean 1.53555e-16	Number of errors 0
215E_check_moschara_1	nom - 
	cgg_DUT:	Yield	100%
		Min 1.30155e-15	Max 1.32042e-15	Mean 1.31235e-15	Number of errors 0
215E_check_moschara_1	nom - 
	cgs_DUT:	Yield	100%
		Min 1.15874e-15	Max 1.17673e-15	Mean 1.16899e-15	Number of errors 0
215E_check_moschara_1	nom - 
	fT_CALC_DUT:	Yield	100%
		Min 1.08955e+11	Max 1.11476e+11	Mean 1.10273e+11	Number of errors 0
215E_check_moschara_1	nom - 
	gds_DUT:	Yield	100%
		Min 0.000109282	Max 0.000120851	Mean 0.000115552	Number of errors 0
215E_check_moschara_1	nom - 
	gm_DUT:	Yield	100%
		Min 0.000893386	Max 0.0009213	Mean 0.00090882	Number of errors 0
215E_check_moschara_1	nom - 
	gmoverid_DUT:	Yield	100%
		Min 3.91208	Max 4.2459	Mean 4.08236	Number of errors 0
215E_check_moschara_1	nom - 
	id_DUT:	Yield	100%
		Min 0.000210728	Max 0.000232844	Mean 0.000222682	Number of errors 0
215E_check_moschara_1	nom - 
	ids_DUT:	Yield	100%
		Min 0.000210728	Max 0.000232844	Mean 0.000222682	Number of errors 0
215E_check_moschara_1	nom - 
	region_DUT:	Yield	100%
		Min 2	Max 2	Mean 2	Number of errors 0
215E_check_moschara_1	nom - 
	ron_DUT:	Yield	100%
		Min 2147.36	Max 2372.73	Mean 2246.1	Number of errors 0
215E_check_moschara_1	nom - 
	rout_DUT:	Yield	100%
		Min 8274.66	Max 9150.61	Mean 8656.87	Number of errors 0
215E_check_moschara_1	nom - 
	self_gain_DUT:	Yield	100%
		Min 7.54673	Max 8.17502	Mean 7.86707	Number of errors 0
215E_check_moschara_1	nom - 
	vds_DUT:	Yield	100%
		Min 0.5	Max 0.5	Mean 0.5	Number of errors 0
215E_check_moschara_1	nom - 
	vdsat_DUT:	Yield	100%
		Min 0.27608	Max 0.292253	Mean 0.284007	Number of errors 0
215E_check_moschara_1	nom - 
	vgs_DUT:	Yield	100%
		Min 0.793472	Max 0.812452	Mean 0.80146	Number of errors 0
215E_check_moschara_1	nom - 
	vth_DUT:	Yield	100%
		Min 0.43852	Max 0.456256	Mean 0.446139	Number of errors 0

215E_check_moschara_1
	Overall Yield	100%	Number of points passed	200	Total number of points	200

Estimated yield = 100% (200/200), 0 errors
Estimated yield (No opregions) = 100% (200/200)
