Starting Single Run, Sweeps and Corners...

Current time: Wed Feb 26 18:20:47 2025 
Best design point: 1
Design specs: 
	215E_check_mosreschara_1	corner	nom_0 - 
	215E_check_mosreschara_1	corner	nom_1 - 
	215E_check_mosreschara_1	corner	nom_2 - 
	215E_check_mosreschara_1	corner	nom_3 - 
	215E_check_mosreschara_1	corner	nom_4 - 
	215E_check_mosreschara_1	corner	nom_5 - 
	215E_check_mosreschara_1	corner	nom_6 - 
	215E_check_mosreschara_1	corner	nom_7 - 
	215E_check_mosreschara_1	corner	nom_8 - 
	215E_check_mosreschara_1	corner	nom_9 - 
	215E_check_mosreschara_1	corner	nom_10 - 
	215E_check_mosreschara_1	corner	nom_11 - 
	215E_check_mosreschara_1	corner	nom_12 - 
	215E_check_mosreschara_1	corner	nom_13 - 
	215E_check_mosreschara_1	corner	nom_14 - 
	215E_check_mosreschara_1	corner	nom_15 - 
	215E_check_mosreschara_1	corner	nom_16 - 
	215E_check_mosreschara_1	corner	nom_17 - 
	215E_check_mosreschara_1	corner	nom_18 - 
	215E_check_mosreschara_1	corner	nom_19 - 
	215E_check_mosreschara_1	corner	nom_20 - 
	215E_check_mosreschara_1	corner	nom_21 - 
	215E_check_mosreschara_1	corner	nom_22 - 
	215E_check_mosreschara_1	corner	nom_23 - 
	215E_check_mosreschara_1	corner	nom_24 - 
	215E_check_mosreschara_1	corner	nom_25 - 
	215E_check_mosreschara_1	corner	nom_26 - 
	215E_check_mosreschara_1	corner	nom_27 - 
	215E_check_mosreschara_1	corner	nom_28 - 
	215E_check_mosreschara_1	corner	nom_29 - 
	215E_check_mosreschara_1	corner	nom_30 - 
	215E_check_mosreschara_1	corner	nom_31 - 
	215E_check_mosreschara_1	corner	nom_32 - 
	215E_check_mosreschara_1	corner	nom_33 - 
	215E_check_mosreschara_1	corner	nom_34 - 
	215E_check_mosreschara_1	corner	nom_35 - 
	215E_check_mosreschara_1	corner	nom_36 - 
	215E_check_mosreschara_1	corner	nom_37 - 
Design parameters: 

ExplorerRun.0
Number of points completed: 1
Number of simulation errors: 0
ExplorerRun.0 completed. 
Current time: Wed Feb 26 18:22:52 2025 
